[2023-06-01 14:29:55,341] multiqc                                            [DEBUG  ]  No MultiQC config found: /opt/conda/lib/python2.7/site-packages/multiqc_config.yaml
[2023-06-01 14:29:55,341] multiqc                                            [DEBUG  ]  No MultiQC config found: /.multiqc_config.yaml
[2023-06-01 14:29:55,341] multiqc                                            [DEBUG  ]  No MultiQC config found: multiqc_config.yaml
[2023-06-01 14:29:55,342] multiqc                                            [DEBUG  ]  Command used: /opt/conda/bin/multiqc .
[2023-06-01 14:29:55,891] multiqc                                            [WARNING]  MultiQC Version v1.14 now available!
[2023-06-01 14:29:55,892] multiqc                                            [INFO   ]  This is MultiQC v1.5.dev0
[2023-06-01 14:29:55,892] multiqc                                            [DEBUG  ]  Command     : /opt/conda/bin/multiqc .
[2023-06-01 14:29:55,893] multiqc                                            [DEBUG  ]  Working dir : /home/diego/Dropbox/curso_nextflow/work/14/c6ee4a064c5dae7495fdcfdf3fca50
[2023-06-01 14:29:55,893] multiqc                                            [INFO   ]  Template    : default
[2023-06-01 14:29:55,893] multiqc                                            [INFO   ]  Searching '.'
[2023-06-01 14:29:55,895] multiqc                                            [DEBUG  ]  Analysing modules: afterqc, custom_content, conpair, peddy, methylQA, qualimap, preseq, quast, qorts, rna_seqc, rsem, rseqc, busco, goleft_indexcov, disambiguate, supernova, deeptools, sargasso, verifybamid, homer, macs2, theta2, snpeff, gatk, htseq, bcftools, featureCounts, picard, prokka, samblaster, samtools, bamtools, jellyfish, vcftools, bbmap, bismark, hicexplorer, hicup, salmon, kallisto, slamdunk, star, hisat2, tophat, bowtie2, bowtie1, leehom, adapterRemoval, cutadapt, flexbar, trimmomatic, skewer, sortmerna, biobloomtools, fastq_screen, fastqc, clusterflow, bcl2fastq, interop
[2023-06-01 14:29:55,895] multiqc                                            [DEBUG  ]  Using temporary directory for creating report: /tmp/tmpZZrNtt
[2023-06-01 14:29:56,168] multiqc                                            [DEBUG  ]  Ignoring file as matched an ignore pattern: gut_1_fastqc.html
[2023-06-01 14:29:56,170] multiqc                                            [DEBUG  ]  Ignoring file as matched an ignore pattern: gut_2_fastqc.html
[2023-06-01 14:29:56,170] multiqc                                            [DEBUG  ]  Ignoring file as matched an ignore pattern: liver_2_fastqc.html
[2023-06-01 14:29:56,171] multiqc                                            [DEBUG  ]  Ignoring file as matched an ignore pattern: liver_1_fastqc.html
[2023-06-01 14:29:56,172] multiqc                                            [DEBUG  ]  Ignoring file as matched an ignore pattern: lung_2_fastqc.html
[2023-06-01 14:29:56,172] multiqc                                            [DEBUG  ]  Ignoring file as matched an ignore pattern: lung_1_fastqc.html
[2023-06-01 14:29:56,910] multiqc                                            [DEBUG  ]  No samples found: afterqc
[2023-06-01 14:29:56,916] multiqc                                            [DEBUG  ]  No samples found: custom_content
[2023-06-01 14:29:56,920] multiqc                                            [DEBUG  ]  No samples found: conpair
[2023-06-01 14:29:56,925] multiqc                                            [DEBUG  ]  No samples found: peddy
[2023-06-01 14:29:56,930] multiqc                                            [DEBUG  ]  No samples found: methylQA
[2023-06-01 14:29:56,935] multiqc                                            [DEBUG  ]  No samples found: qualimap
[2023-06-01 14:29:56,939] multiqc                                            [DEBUG  ]  No samples found: preseq
[2023-06-01 14:29:56,945] multiqc                                            [DEBUG  ]  No samples found: quast
[2023-06-01 14:29:56,950] multiqc                                            [DEBUG  ]  No samples found: qorts
[2023-06-01 14:29:56,955] multiqc                                            [DEBUG  ]  No samples found: rna_seqc
[2023-06-01 14:29:56,960] multiqc                                            [DEBUG  ]  No samples found: rsem
[2023-06-01 14:29:56,965] multiqc                                            [DEBUG  ]  No samples found: rseqc
[2023-06-01 14:29:56,970] multiqc                                            [DEBUG  ]  No samples found: busco
[2023-06-01 14:29:56,974] multiqc                                            [DEBUG  ]  No samples found: goleft_indexcov
[2023-06-01 14:29:56,979] multiqc                                            [DEBUG  ]  No samples found: disambiguate
[2023-06-01 14:29:56,984] multiqc                                            [DEBUG  ]  No samples found: supernova
[2023-06-01 14:29:56,989] multiqc                                            [DEBUG  ]  No samples found: deeptools
[2023-06-01 14:29:56,993] multiqc                                            [DEBUG  ]  No samples found: sargasso
[2023-06-01 14:29:56,999] multiqc                                            [DEBUG  ]  No samples found: verifybamid
[2023-06-01 14:29:57,003] multiqc                                            [DEBUG  ]  No samples found: homer
[2023-06-01 14:29:57,008] multiqc                                            [DEBUG  ]  No samples found: macs2
[2023-06-01 14:29:57,012] multiqc                                            [DEBUG  ]  No samples found: theta2
[2023-06-01 14:29:57,017] multiqc                                            [DEBUG  ]  No samples found: snpeff
[2023-06-01 14:29:57,023] multiqc                                            [DEBUG  ]  No samples found: gatk
[2023-06-01 14:29:57,031] multiqc                                            [DEBUG  ]  No samples found: htseq
[2023-06-01 14:29:57,037] multiqc                                            [DEBUG  ]  No samples found: bcftools
[2023-06-01 14:29:57,042] multiqc                                            [DEBUG  ]  No samples found: featureCounts
[2023-06-01 14:29:57,049] multiqc                                            [DEBUG  ]  No samples found: picard
[2023-06-01 14:29:57,054] multiqc                                            [DEBUG  ]  No samples found: prokka
[2023-06-01 14:29:57,061] multiqc                                            [DEBUG  ]  No samples found: samblaster
[2023-06-01 14:29:57,067] multiqc                                            [DEBUG  ]  No samples found: samtools
[2023-06-01 14:29:57,075] multiqc                                            [DEBUG  ]  No samples found: bamtools
[2023-06-01 14:29:57,082] multiqc                                            [DEBUG  ]  No samples found: jellyfish
[2023-06-01 14:29:57,088] multiqc                                            [DEBUG  ]  No samples found: vcftools
[2023-06-01 14:29:57,095] multiqc                                            [DEBUG  ]  No samples found: bbmap
[2023-06-01 14:29:57,100] multiqc                                            [DEBUG  ]  No samples found: bismark
[2023-06-01 14:29:57,106] multiqc                                            [DEBUG  ]  No samples found: hicexplorer
[2023-06-01 14:29:57,110] multiqc                                            [DEBUG  ]  No samples found: hicup
[2023-06-01 14:29:57,129] multiqc.modules.salmon.salmon                      [INFO   ]  Found 3 meta reports
[2023-06-01 14:29:57,134] multiqc.modules.salmon.salmon                      [INFO   ]  Found 3 fragment length distributions
[2023-06-01 14:29:57,164] multiqc                                            [DEBUG  ]  No samples found: kallisto
[2023-06-01 14:29:57,174] multiqc                                            [DEBUG  ]  No samples found: slamdunk
[2023-06-01 14:29:57,182] multiqc                                            [DEBUG  ]  No samples found: star
[2023-06-01 14:29:57,187] multiqc                                            [DEBUG  ]  No samples found: hisat2
[2023-06-01 14:29:57,192] multiqc                                            [DEBUG  ]  No samples found: tophat
[2023-06-01 14:29:57,196] multiqc                                            [DEBUG  ]  No samples found: bowtie2
[2023-06-01 14:29:57,201] multiqc                                            [DEBUG  ]  No samples found: bowtie1
[2023-06-01 14:29:57,207] multiqc                                            [DEBUG  ]  No samples found: leehom
[2023-06-01 14:29:57,212] multiqc                                            [DEBUG  ]  No samples found: adapterRemoval
[2023-06-01 14:29:57,217] multiqc                                            [DEBUG  ]  No samples found: cutadapt
[2023-06-01 14:29:57,222] multiqc                                            [DEBUG  ]  No samples found: flexbar
[2023-06-01 14:29:57,227] multiqc                                            [DEBUG  ]  No samples found: trimmomatic
[2023-06-01 14:29:57,231] multiqc                                            [DEBUG  ]  No samples found: skewer
[2023-06-01 14:29:57,237] multiqc                                            [DEBUG  ]  No samples found: sortmerna
[2023-06-01 14:29:57,241] multiqc                                            [DEBUG  ]  No samples found: biobloomtools
[2023-06-01 14:29:57,246] multiqc                                            [DEBUG  ]  No samples found: fastq_screen
[2023-06-01 14:29:57,340] multiqc.modules.fastqc.fastqc                      [INFO   ]  Found 6 reports
[2023-06-01 14:29:57,931] multiqc                                            [DEBUG  ]  No samples found: clusterflow
[2023-06-01 14:29:57,936] multiqc                                            [DEBUG  ]  No samples found: bcl2fastq
[2023-06-01 14:29:57,941] multiqc                                            [DEBUG  ]  No samples found: interop
[2023-06-01 14:29:57,956] multiqc                                            [INFO   ]  Compressing plot data
[2023-06-01 14:29:58,415] multiqc                                            [INFO   ]  Report      : multiqc_report.html
[2023-06-01 14:29:58,416] multiqc                                            [INFO   ]  Data        : multiqc_data
[2023-06-01 14:29:58,416] multiqc                                            [DEBUG  ]  Moving data file from '/tmp/tmpZZrNtt/multiqc_data/multiqc_sources.txt' to '/home/diego/Dropbox/curso_nextflow/work/14/c6ee4a064c5dae7495fdcfdf3fca50/multiqc_data'
[2023-06-01 14:29:58,417] multiqc                                            [DEBUG  ]  Moving data file from '/tmp/tmpZZrNtt/multiqc_data/multiqc_salmon.txt' to '/home/diego/Dropbox/curso_nextflow/work/14/c6ee4a064c5dae7495fdcfdf3fca50/multiqc_data'
[2023-06-01 14:29:58,417] multiqc                                            [DEBUG  ]  Moving data file from '/tmp/tmpZZrNtt/multiqc_data/multiqc_general_stats.txt' to '/home/diego/Dropbox/curso_nextflow/work/14/c6ee4a064c5dae7495fdcfdf3fca50/multiqc_data'
[2023-06-01 14:29:58,418] multiqc                                            [DEBUG  ]  Moving data file from '/tmp/tmpZZrNtt/multiqc_data/multiqc_data.json' to '/home/diego/Dropbox/curso_nextflow/work/14/c6ee4a064c5dae7495fdcfdf3fca50/multiqc_data'
[2023-06-01 14:29:58,420] multiqc                                            [DEBUG  ]  Moving data file from '/tmp/tmpZZrNtt/multiqc_data/multiqc_fastqc.txt' to '/home/diego/Dropbox/curso_nextflow/work/14/c6ee4a064c5dae7495fdcfdf3fca50/multiqc_data'
[2023-06-01 14:29:58,598] multiqc                                            [INFO   ]  MultiQC complete
