mai-31 11:11:31.698 [main] DEBUG nextflow.cli.Launcher - $> nextflow run diegogotex/curso_nextflow/main.nf -r main
mai-31 11:11:31.758 [main] INFO  nextflow.cli.CmdRun - N E X T F L O W  ~  version 23.04.1
mai-31 11:11:31.775 [main] DEBUG nextflow.plugin.PluginsFacade - Setting up plugin manager > mode=prod; embedded=false; plugins-dir=/home/diego/.nextflow/plugins; core-plugins: nf-amazon@1.16.2,nf-azure@1.0.1,nf-codecommit@0.1.4,nf-console@1.0.5,nf-ga4gh@1.0.5,nf-google@1.7.3,nf-tower@1.5.12,nf-wave@0.8.2
mai-31 11:11:31.784 [main] INFO  org.pf4j.DefaultPluginStatusProvider - Enabled plugins: []
mai-31 11:11:31.785 [main] INFO  org.pf4j.DefaultPluginStatusProvider - Disabled plugins: []
mai-31 11:11:31.788 [main] INFO  org.pf4j.DefaultPluginManager - PF4J version 3.4.1 in 'deployment' mode
mai-31 11:11:31.796 [main] INFO  org.pf4j.AbstractPluginManager - No plugins
mai-31 11:11:31.806 [main] DEBUG nextflow.scm.ProviderConfig - Using SCM config path: /home/diego/.nextflow/scm
mai-31 11:11:31.818 [main] DEBUG nextflow.scm.AssetManager - Project manifest does not exist: /home/diego/.nextflow/assets/diegogotex/curso_nextflow/nextflow.config (No such file or directory)
mai-31 11:11:31.824 [main] DEBUG nextflow.scm.AssetManager - Git config: /home/diego/.nextflow/assets/diegogotex/curso_nextflow/.git/config; branch: master; remote: origin; url: https://github.com/diegogotex/curso_nextflow.git
mai-31 11:11:31.860 [main] DEBUG nextflow.scm.RepositoryFactory - Found Git repository result: [RepositoryFactory]
mai-31 11:11:31.867 [main] DEBUG nextflow.scm.AssetManager - Git config: /home/diego/.nextflow/assets/diegogotex/curso_nextflow/.git/config; branch: master; remote: origin; url: https://github.com/diegogotex/curso_nextflow.git
mai-31 11:11:32.873 [main] INFO  nextflow.scm.AssetManager - NOTE: Your local project version looks outdated - a different revision is available in the remote repository [c030e765a3]
mai-31 11:11:32.888 [main] DEBUG nextflow.config.ConfigBuilder - Found config local: /home/diego/Dropbox/curso_nextflow/nextflow.config
mai-31 11:11:32.889 [main] DEBUG nextflow.config.ConfigBuilder - Parsing config file: /home/diego/Dropbox/curso_nextflow/nextflow.config
mai-31 11:11:32.912 [main] DEBUG nextflow.config.ConfigBuilder - Applying config profile: `standard`
mai-31 11:11:33.302 [main] DEBUG nextflow.cli.CmdRun - Applied DSL=2 by global default
mai-31 11:11:33.303 [main] INFO  nextflow.cli.CmdRun - Launching `https://github.com/diegogotex/curso_nextflow` [desperate_mcnulty] DSL2 - revision: aa44e550ec [main]
mai-31 11:11:33.304 [main] DEBUG nextflow.plugin.PluginsFacade - Plugins default=[]
mai-31 11:11:33.304 [main] DEBUG nextflow.plugin.PluginsFacade - Plugins resolved requirement=[]
mai-31 11:11:33.308 [main] DEBUG nextflow.secret.LocalSecretsProvider - Secrets store: /home/diego/.nextflow/secrets/store.json
mai-31 11:11:33.311 [main] DEBUG nextflow.secret.SecretsLoader - Discovered secrets providers: [nextflow.secret.LocalSecretsProvider@713ec32d] - activable => nextflow.secret.LocalSecretsProvider@713ec32d
mai-31 11:11:33.356 [main] DEBUG nextflow.Session - Session UUID: 5574e55e-0bcc-4d0c-9e33-8b35f3679991
mai-31 11:11:33.357 [main] DEBUG nextflow.Session - Run name: desperate_mcnulty
mai-31 11:11:33.357 [main] DEBUG nextflow.Session - Executor pool size: 12
mai-31 11:11:33.366 [main] DEBUG nextflow.util.ThreadPoolBuilder - Creating thread pool 'FileTransfer' minSize=10; maxSize=36; workQueue=LinkedBlockingQueue[10000]; allowCoreThreadTimeout=false
mai-31 11:11:33.384 [main] DEBUG nextflow.cli.CmdRun - 
  Version: 23.04.1 build 5866
  Created: 15-04-2023 06:51 UTC (03:51 BRST)
  System: Linux 5.15.0-72-generic
  Runtime: Groovy 3.0.16 on OpenJDK 64-Bit Server VM 11.0.19+7-post-Ubuntu-0ubuntu122.04.1
  Encoding: UTF-8 (UTF-8)
  Process: 76647@diego [127.0.1.1]
  CPUs: 12 - Mem: 14.9 GB (663.5 MB) - Swap: 2 GB (1.9 GB)
mai-31 11:11:33.395 [main] DEBUG nextflow.Session - Work-dir: /home/diego/Dropbox/curso_nextflow/work [ext2/ext3]
mai-31 11:11:33.395 [main] DEBUG nextflow.Session - Script base path does not exist or is not a directory: /home/diego/.nextflow/assets/diegogotex/curso_nextflow/bin
mai-31 11:11:33.403 [main] DEBUG nextflow.executor.ExecutorFactory - Extension executors providers=[]
mai-31 11:11:33.410 [main] DEBUG nextflow.Session - Observer factory: DefaultObserverFactory
mai-31 11:11:33.432 [main] DEBUG nextflow.cache.CacheFactory - Using Nextflow cache factory: nextflow.cache.DefaultCacheFactory
mai-31 11:11:33.440 [main] DEBUG nextflow.util.CustomThreadPool - Creating default thread pool > poolSize: 13; maxThreads: 1000
mai-31 11:11:33.489 [main] DEBUG nextflow.Session - Session start
mai-31 11:11:33.718 [main] DEBUG nextflow.script.ScriptRunner - > Launching execution
mai-31 11:11:33.798 [main] DEBUG nextflow.executor.ExecutorFactory - << taskConfig executor: null
mai-31 11:11:33.798 [main] DEBUG nextflow.executor.ExecutorFactory - >> processorType: 'local'
mai-31 11:11:33.804 [main] DEBUG nextflow.executor.Executor - [warm up] executor > local
mai-31 11:11:33.808 [main] DEBUG n.processor.LocalPollingMonitor - Creating local task monitor for executor 'local' > cpus=12; memory=14.9 GB; capacity=12; pollInterval=100ms; dumpInterval=5m
mai-31 11:11:33.880 [main] DEBUG nextflow.executor.ExecutorFactory - << taskConfig executor: null
mai-31 11:11:33.880 [main] DEBUG nextflow.executor.ExecutorFactory - >> processorType: 'local'
mai-31 11:11:33.892 [main] DEBUG nextflow.Session - Workflow process names [dsl2]: SPLITLETTERS, CONVERTTOUPPER
mai-31 11:11:33.892 [main] DEBUG nextflow.Session - Igniting dataflow network (3)
mai-31 11:11:33.892 [main] DEBUG nextflow.processor.TaskProcessor - Starting process > SPLITLETTERS
mai-31 11:11:33.893 [main] DEBUG nextflow.processor.TaskProcessor - Starting process > CONVERTTOUPPER
mai-31 11:11:33.893 [main] DEBUG nextflow.script.ScriptRunner - > Awaiting termination 
mai-31 11:11:33.893 [main] DEBUG nextflow.Session - Session await
mai-31 11:11:34.005 [Task submitter] DEBUG n.executor.local.LocalTaskHandler - Launch cmd line: /bin/bash -ue .command.run
mai-31 11:11:34.008 [Task submitter] INFO  nextflow.Session - [8c/194c20] Submitted process > SPLITLETTERS (1)
mai-31 11:11:34.642 [Task monitor] DEBUG n.processor.TaskPollingMonitor - Task completed > TaskHandler[id: 1; name: SPLITLETTERS (1); status: COMPLETED; exit: 0; error: -; workDir: /home/diego/Dropbox/curso_nextflow/work/8c/194c20ff07b66b5140a34b1f47902c]
mai-31 11:11:34.682 [Task submitter] DEBUG n.executor.local.LocalTaskHandler - Launch cmd line: /bin/bash -ue .command.run
mai-31 11:11:34.682 [Task submitter] INFO  nextflow.Session - [fc/c15e5a] Submitted process > CONVERTTOUPPER (2)
mai-31 11:11:34.687 [Task submitter] DEBUG n.executor.local.LocalTaskHandler - Launch cmd line: /bin/bash -ue .command.run
mai-31 11:11:34.687 [Task submitter] INFO  nextflow.Session - [47/890ab9] Submitted process > CONVERTTOUPPER (1)
mai-31 11:11:34.693 [Task submitter] DEBUG n.executor.local.LocalTaskHandler - Launch cmd line: /bin/bash -ue .command.run
mai-31 11:11:34.694 [Task submitter] INFO  nextflow.Session - [48/0abcc7] Submitted process > CONVERTTOUPPER (4)
mai-31 11:11:34.699 [Task submitter] DEBUG n.executor.local.LocalTaskHandler - Launch cmd line: /bin/bash -ue .command.run
mai-31 11:11:34.700 [Task submitter] INFO  nextflow.Session - [a1/822fa9] Submitted process > CONVERTTOUPPER (3)
mai-31 11:11:35.784 [Task monitor] DEBUG n.processor.TaskPollingMonitor - Task completed > TaskHandler[id: 4; name: CONVERTTOUPPER (3); status: COMPLETED; exit: 0; error: -; workDir: /home/diego/Dropbox/curso_nextflow/work/a1/822fa9810b2aaa140680178022ea7b]
mai-31 11:11:35.957 [Task monitor] DEBUG n.processor.TaskPollingMonitor - Task completed > TaskHandler[id: 2; name: CONVERTTOUPPER (1); status: COMPLETED; exit: 0; error: -; workDir: /home/diego/Dropbox/curso_nextflow/work/47/890ab974d2a9132e4575b61bb1fe34]
mai-31 11:11:36.050 [Task monitor] DEBUG n.processor.TaskPollingMonitor - Task completed > TaskHandler[id: 3; name: CONVERTTOUPPER (2); status: COMPLETED; exit: 0; error: -; workDir: /home/diego/Dropbox/curso_nextflow/work/fc/c15e5adcff10d3adc15e3d19ef0498]
mai-31 11:11:36.207 [Task monitor] DEBUG n.processor.TaskPollingMonitor - Task completed > TaskHandler[id: 5; name: CONVERTTOUPPER (4); status: COMPLETED; exit: 0; error: -; workDir: /home/diego/Dropbox/curso_nextflow/work/48/0abcc7353fec1f8926a0ae64180238]
mai-31 11:11:36.208 [main] DEBUG nextflow.Session - Session await > all processes finished
mai-31 11:11:36.210 [main] DEBUG nextflow.Session - Session await > all barriers passed
mai-31 11:11:36.215 [main] DEBUG nextflow.trace.WorkflowStatsObserver - Workflow completed > WorkflowStats[succeededCount=5; failedCount=0; ignoredCount=0; cachedCount=0; pendingCount=0; submittedCount=0; runningCount=0; retriesCount=0; abortedCount=0; succeedDuration=5.7s; failedDuration=0ms; cachedDuration=0ms;loadCpus=0; loadMemory=0; peakRunning=4; peakCpus=4; peakMemory=0; ]
mai-31 11:11:36.335 [main] DEBUG nextflow.cache.CacheDB - Closing CacheDB done
mai-31 11:11:36.346 [main] DEBUG nextflow.util.ThreadPoolManager - Thread pool 'FileTransfer' shutdown completed (hard=false)
mai-31 11:11:36.346 [main] DEBUG nextflow.script.ScriptRunner - > Execution complete -- Goodbye
