[2023-06-01 14:26:38,855] multiqc                                            [DEBUG  ]  No MultiQC config found: /opt/conda/lib/python2.7/site-packages/multiqc_config.yaml
[2023-06-01 14:26:38,855] multiqc                                            [DEBUG  ]  No MultiQC config found: /.multiqc_config.yaml
[2023-06-01 14:26:38,856] multiqc                                            [DEBUG  ]  No MultiQC config found: multiqc_config.yaml
[2023-06-01 14:26:38,856] multiqc                                            [DEBUG  ]  Command used: /opt/conda/bin/multiqc .
[2023-06-01 14:26:39,702] multiqc                                            [WARNING]  MultiQC Version v1.14 now available!
[2023-06-01 14:26:39,702] multiqc                                            [INFO   ]  This is MultiQC v1.5.dev0
[2023-06-01 14:26:39,702] multiqc                                            [DEBUG  ]  Command     : /opt/conda/bin/multiqc .
[2023-06-01 14:26:39,702] multiqc                                            [DEBUG  ]  Working dir : /home/diego/Dropbox/curso_nextflow/work/ea/92e96a94f2f23ed15dddc39acea79a
[2023-06-01 14:26:39,703] multiqc                                            [INFO   ]  Template    : default
[2023-06-01 14:26:39,703] multiqc                                            [INFO   ]  Searching '.'
[2023-06-01 14:26:39,703] multiqc                                            [DEBUG  ]  Analysing modules: afterqc, custom_content, conpair, peddy, methylQA, qualimap, preseq, quast, qorts, rna_seqc, rsem, rseqc, busco, goleft_indexcov, disambiguate, supernova, deeptools, sargasso, verifybamid, homer, macs2, theta2, snpeff, gatk, htseq, bcftools, featureCounts, picard, prokka, samblaster, samtools, bamtools, jellyfish, vcftools, bbmap, bismark, hicexplorer, hicup, salmon, kallisto, slamdunk, star, hisat2, tophat, bowtie2, bowtie1, leehom, adapterRemoval, cutadapt, flexbar, trimmomatic, skewer, sortmerna, biobloomtools, fastq_screen, fastqc, clusterflow, bcl2fastq, interop
[2023-06-01 14:26:39,704] multiqc                                            [DEBUG  ]  Using temporary directory for creating report: /tmp/tmpiWY_ll
[2023-06-01 14:26:40,041] multiqc                                            [DEBUG  ]  Ignoring file as matched an ignore pattern: gut_1_fastqc.html
[2023-06-01 14:26:40,042] multiqc                                            [DEBUG  ]  Ignoring file as matched an ignore pattern: gut_2_fastqc.html
[2023-06-01 14:26:40,043] multiqc                                            [DEBUG  ]  Ignoring file as matched an ignore pattern: liver_2_fastqc.html
[2023-06-01 14:26:40,043] multiqc                                            [DEBUG  ]  Ignoring file as matched an ignore pattern: liver_1_fastqc.html
[2023-06-01 14:26:40,045] multiqc                                            [DEBUG  ]  Ignoring file as matched an ignore pattern: lung_2_fastqc.html
[2023-06-01 14:26:40,045] multiqc                                            [DEBUG  ]  Ignoring file as matched an ignore pattern: lung_1_fastqc.html
[2023-06-01 14:26:40,878] multiqc                                            [DEBUG  ]  No samples found: afterqc
[2023-06-01 14:26:40,887] multiqc                                            [DEBUG  ]  No samples found: custom_content
[2023-06-01 14:26:40,892] multiqc                                            [DEBUG  ]  No samples found: conpair
[2023-06-01 14:26:40,898] multiqc                                            [DEBUG  ]  No samples found: peddy
[2023-06-01 14:26:40,903] multiqc                                            [DEBUG  ]  No samples found: methylQA
[2023-06-01 14:26:40,909] multiqc                                            [DEBUG  ]  No samples found: qualimap
[2023-06-01 14:26:40,915] multiqc                                            [DEBUG  ]  No samples found: preseq
[2023-06-01 14:26:40,921] multiqc                                            [DEBUG  ]  No samples found: quast
[2023-06-01 14:26:40,928] multiqc                                            [DEBUG  ]  No samples found: qorts
[2023-06-01 14:26:40,935] multiqc                                            [DEBUG  ]  No samples found: rna_seqc
[2023-06-01 14:26:40,940] multiqc                                            [DEBUG  ]  No samples found: rsem
[2023-06-01 14:26:40,949] multiqc                                            [DEBUG  ]  No samples found: rseqc
[2023-06-01 14:26:40,954] multiqc                                            [DEBUG  ]  No samples found: busco
[2023-06-01 14:26:40,960] multiqc                                            [DEBUG  ]  No samples found: goleft_indexcov
[2023-06-01 14:26:40,965] multiqc                                            [DEBUG  ]  No samples found: disambiguate
[2023-06-01 14:26:40,970] multiqc                                            [DEBUG  ]  No samples found: supernova
[2023-06-01 14:26:40,977] multiqc                                            [DEBUG  ]  No samples found: deeptools
[2023-06-01 14:26:40,982] multiqc                                            [DEBUG  ]  No samples found: sargasso
[2023-06-01 14:26:40,987] multiqc                                            [DEBUG  ]  No samples found: verifybamid
[2023-06-01 14:26:40,994] multiqc                                            [DEBUG  ]  No samples found: homer
[2023-06-01 14:26:40,999] multiqc                                            [DEBUG  ]  No samples found: macs2
[2023-06-01 14:26:41,004] multiqc                                            [DEBUG  ]  No samples found: theta2
[2023-06-01 14:26:41,009] multiqc                                            [DEBUG  ]  No samples found: snpeff
[2023-06-01 14:26:41,015] multiqc                                            [DEBUG  ]  No samples found: gatk
[2023-06-01 14:26:41,020] multiqc                                            [DEBUG  ]  No samples found: htseq
[2023-06-01 14:26:41,026] multiqc                                            [DEBUG  ]  No samples found: bcftools
[2023-06-01 14:26:41,031] multiqc                                            [DEBUG  ]  No samples found: featureCounts
[2023-06-01 14:26:41,041] multiqc                                            [DEBUG  ]  No samples found: picard
[2023-06-01 14:26:41,046] multiqc                                            [DEBUG  ]  No samples found: prokka
[2023-06-01 14:26:41,051] multiqc                                            [DEBUG  ]  No samples found: samblaster
[2023-06-01 14:26:41,057] multiqc                                            [DEBUG  ]  No samples found: samtools
[2023-06-01 14:26:41,063] multiqc                                            [DEBUG  ]  No samples found: bamtools
[2023-06-01 14:26:41,068] multiqc                                            [DEBUG  ]  No samples found: jellyfish
[2023-06-01 14:26:41,074] multiqc                                            [DEBUG  ]  No samples found: vcftools
[2023-06-01 14:26:41,084] multiqc                                            [DEBUG  ]  No samples found: bbmap
[2023-06-01 14:26:41,090] multiqc                                            [DEBUG  ]  No samples found: bismark
[2023-06-01 14:26:41,096] multiqc                                            [DEBUG  ]  No samples found: hicexplorer
[2023-06-01 14:26:41,102] multiqc                                            [DEBUG  ]  No samples found: hicup
[2023-06-01 14:26:41,117] multiqc.modules.salmon.salmon                      [INFO   ]  Found 3 meta reports
[2023-06-01 14:26:41,121] multiqc.modules.salmon.salmon                      [INFO   ]  Found 3 fragment length distributions
[2023-06-01 14:26:41,153] multiqc                                            [DEBUG  ]  No samples found: kallisto
[2023-06-01 14:26:41,164] multiqc                                            [DEBUG  ]  No samples found: slamdunk
[2023-06-01 14:26:41,173] multiqc                                            [DEBUG  ]  No samples found: star
[2023-06-01 14:26:41,178] multiqc                                            [DEBUG  ]  No samples found: hisat2
[2023-06-01 14:26:41,183] multiqc                                            [DEBUG  ]  No samples found: tophat
[2023-06-01 14:26:41,188] multiqc                                            [DEBUG  ]  No samples found: bowtie2
[2023-06-01 14:26:41,193] multiqc                                            [DEBUG  ]  No samples found: bowtie1
[2023-06-01 14:26:41,198] multiqc                                            [DEBUG  ]  No samples found: leehom
[2023-06-01 14:26:41,203] multiqc                                            [DEBUG  ]  No samples found: adapterRemoval
[2023-06-01 14:26:41,209] multiqc                                            [DEBUG  ]  No samples found: cutadapt
[2023-06-01 14:26:41,214] multiqc                                            [DEBUG  ]  No samples found: flexbar
[2023-06-01 14:26:41,219] multiqc                                            [DEBUG  ]  No samples found: trimmomatic
[2023-06-01 14:26:41,224] multiqc                                            [DEBUG  ]  No samples found: skewer
[2023-06-01 14:26:41,229] multiqc                                            [DEBUG  ]  No samples found: sortmerna
[2023-06-01 14:26:41,234] multiqc                                            [DEBUG  ]  No samples found: biobloomtools
[2023-06-01 14:26:41,239] multiqc                                            [DEBUG  ]  No samples found: fastq_screen
[2023-06-01 14:26:41,321] multiqc.modules.fastqc.fastqc                      [INFO   ]  Found 6 reports
[2023-06-01 14:26:41,861] multiqc                                            [DEBUG  ]  No samples found: clusterflow
[2023-06-01 14:26:41,866] multiqc                                            [DEBUG  ]  No samples found: bcl2fastq
[2023-06-01 14:26:41,871] multiqc                                            [DEBUG  ]  No samples found: interop
[2023-06-01 14:26:41,886] multiqc                                            [INFO   ]  Compressing plot data
[2023-06-01 14:26:42,315] multiqc                                            [INFO   ]  Report      : multiqc_report.html
[2023-06-01 14:26:42,315] multiqc                                            [INFO   ]  Data        : multiqc_data
[2023-06-01 14:26:42,315] multiqc                                            [DEBUG  ]  Moving data file from '/tmp/tmpiWY_ll/multiqc_data/multiqc_sources.txt' to '/home/diego/Dropbox/curso_nextflow/work/ea/92e96a94f2f23ed15dddc39acea79a/multiqc_data'
[2023-06-01 14:26:42,322] multiqc                                            [DEBUG  ]  Moving data file from '/tmp/tmpiWY_ll/multiqc_data/multiqc_salmon.txt' to '/home/diego/Dropbox/curso_nextflow/work/ea/92e96a94f2f23ed15dddc39acea79a/multiqc_data'
[2023-06-01 14:26:42,323] multiqc                                            [DEBUG  ]  Moving data file from '/tmp/tmpiWY_ll/multiqc_data/multiqc_general_stats.txt' to '/home/diego/Dropbox/curso_nextflow/work/ea/92e96a94f2f23ed15dddc39acea79a/multiqc_data'
[2023-06-01 14:26:42,324] multiqc                                            [DEBUG  ]  Moving data file from '/tmp/tmpiWY_ll/multiqc_data/multiqc_data.json' to '/home/diego/Dropbox/curso_nextflow/work/ea/92e96a94f2f23ed15dddc39acea79a/multiqc_data'
[2023-06-01 14:26:42,326] multiqc                                            [DEBUG  ]  Moving data file from '/tmp/tmpiWY_ll/multiqc_data/multiqc_fastqc.txt' to '/home/diego/Dropbox/curso_nextflow/work/ea/92e96a94f2f23ed15dddc39acea79a/multiqc_data'
[2023-06-01 14:26:42,488] multiqc                                            [INFO   ]  MultiQC complete
