Version Info: This is the most recent version of salmon.
### salmon (selective-alignment-based) v1.10.0
### [ program ] => salmon 
### [ command ] => quant 
### [ threads ] => { 1 }
### [ libType ] => { U }
### [ index ] => { salmon_index }
### [ mates1 ] => { liver_1.fq }
### [ mates2 ] => { liver_2.fq }
### [ output ] => { liver }
Logs will be written to liver/logs
-----------------------------------------
| Loading contig table | Time = 33.585 us
-----------------------------------------[2023-06-01 14:26:30.539] [jointLog] [info] setting maxHashResizeThreads to 1

size = 14
-----------------------------------------
| Loading contig offsets | Time = 397.29 us
-----------------------------------------
[2023-06-01 14:26:30.539] [jointLog] [info] Fragment incompatibility prior below threshold.  Incompatible fragments will be ignored.
[2023-06-01 14:26:30.539] [jointLog] [info] Usage of --validateMappings implies use of minScoreFraction. Since not explicitly specified, it is being set to 0.65
[2023-06-01 14:26:30.539] [jointLog] [info] Setting consensusSlack to selective-alignment default of 0.35.
[2023-06-01 14:26:30.539] [jointLog] [info] parsing read library format
[2023-06-01 14:26:30.539] [jointLog] [info] There is 1 library.
[2023-06-01 14:26:30.539] [jointLog] [info] Loading pufferfish index
[2023-06-01 14:26:30.539] [jointLog] [info] Loading dense pufferfish index.
-----------------------------------------
| Loading reference lengths | Time = 7.157 us
-----------------------------------------
-----------------------------------------
| Loading mphf table | Time = 278.05 us
-----------------------------------------
size = 171333
Number of ones: 13
Number of ones per inventory item: 512
Inventory entries filled: 1
-----------------------------------------
| Loading contig boundaries | Time = 1.6341 ms
-----------------------------------------
size = 171333
-----------------------------------------
| Loading sequence | Time = 700.04 us
-----------------------------------------
size = 170943
-----------------------------------------
| Loading positions | Time = 1.0039 ms
-----------------------------------------
size = 171001
-----------------------------------------
| Loading reference sequence | Time = 566.69 us
-----------------------------------------
-----------------------------------------
| Loading reference accumulative lengths | Time = 7.876 us
-----------------------------------------
[2023-06-01 14:26:30.551] [jointLog] [info] done












[2023-06-01 14:26:30.777] [jointLog] [info] Index contained 1 targets
[2023-06-01 14:26:30.777] [jointLog] [info] Number of decoys : 0
[2023-06-01 14:26:31.031] [jointLog] [info] Computed 1 rich equivalence classes for further processing
[2023-06-01 14:26:31.031] [jointLog] [info] Counted 1984 total reads in the equivalence classes 
[2023-06-01 14:26:31.041] [jointLog] [info] Number of mappings discarded because of alignment score : 1505
[2023-06-01 14:26:31.041] [jointLog] [info] Number of fragments entirely discarded because of alignment score : 948
[2023-06-01 14:26:31.041] [jointLog] [info] Number of fragments discarded because they are best-mapped to decoys : 0
[2023-06-01 14:26:31.041] [jointLog] [info] Number of fragments discarded because they have only dovetail (discordant) mappings to valid targets : 1044
[2023-06-01 14:26:31.041] [jointLog] [warning] Only 1984 fragments were mapped, but the number of burn-in fragments was set to 5000000.
The effective lengths have been computed using the observed mappings.

[2023-06-01 14:26:31.041] [jointLog] [info] Mapping rate = 67.5519%

[2023-06-01 14:26:31.041] [jointLog] [info] finished quantifyLibrary()
[2023-06-01 14:26:31.041] [jointLog] [info] Starting optimizer
[2023-06-01 14:26:31.042] [jointLog] [info] Marked 0 weighted equivalence classes as degenerate
[2023-06-01 14:26:31.042] [jointLog] [info] iteration = 0 | max rel diff. = 3.43811e-16
[2023-06-01 14:26:31.043] [jointLog] [info] iteration = 100 | max rel diff. = 0
[2023-06-01 14:26:31.043] [jointLog] [info] Finished optimizer
[2023-06-01 14:26:31.043] [jointLog] [info] writing output 

[2023-06-01 14:26:31.043] [jointLog] [warning] NOTE: Read Lib [[ liver_1.fq, liver_2.fq]] :

Detected a *potential* strand bias > 1% in an unstranded protocol check the file: liver/lib_format_counts.json for details

