Version Info: ### PLEASE UPGRADE SALMON ###
### A newer version of salmon with important bug fixes and improvements is available. ####
###
The newest version, available at https://github.com/COMBINE-lab/salmon/releases
contains new features, improvements, and bug fixes; please upgrade at your
earliest convenience.
###
Sign up for the salmon mailing list to hear about new versions, features and updates at:
https://oceangenomics.com/subscribe
###
### salmon (mapping-based) v1.0.0
### [ program ] => salmon 
### [ command ] => quant 
### [ threads ] => { 1 }
### [ libType ] => { U }
### [ index ] => { salmon_index }
### [ mates1 ] => { gut_1.fq }
### [ mates2 ] => { gut_2.fq }
### [ output ] => { gut }
Logs will be written to gut/logs
[2023-06-01 12:45:47.523] [jointLog] [info] Fragment incompatibility prior below threshold.  Incompatible fragments will be ignored.
[2023-06-01 12:45:47.523] [jointLog] [info] Usage of --validateMappings implies use of minScoreFraction. Since not explicitly specified, it is being set to 0.65
[2023-06-01 12:45:47.523] [jointLog] [info] Usage of --validateMappings implies a default consensus slack of 0.2. Setting consensusSlack to 0.35.
[2023-06-01 12:45:47.523] [jointLog] [info] parsing read library format
[2023-06-01 12:45:47.523] [jointLog] [info] There is 1 library.
-----------------------------------------
| Loading contig table | Time = 293.27 us
-----------------------------------------
[2023-06-01 12:45:47.740] [jointLog] [info] Loading pufferfish index
[2023-06-01 12:45:47.740] [jointLog] [info] Loading dense pufferfish index.
size = 14
-----------------------------------------
| Loading contig offsets | Time = 9.1946 ms
-----------------------------------------
-----------------------------------------
| Loading reference lengths | Time = 1.3878 ms
-----------------------------------------
-----------------------------------------
| Loading mphf table | Time = 3.688 ms
-----------------------------------------
size = 171333
Number of ones: 13
Number of ones per inventory item: 512
Inventory entries filled: 1
-----------------------------------------
| Loading contig boundaries | Time = 1.6654 ms
-----------------------------------------
size = 171333
-----------------------------------------
| Loading sequence | Time = 926.7 us
-----------------------------------------
size = 170943
-----------------------------------------
| Loading positions | Time = 2.4865 ms
-----------------------------------------
size = 171001
-----------------------------------------
| Loading reference sequence | Time = 3.2021 ms
-----------------------------------------
-----------------------------------------
| Loading reference accumulative lengths | Time = 285.4 us
-----------------------------------------
[2023-06-01 12:45:47.775] [jointLog] [info] done
[2023-06-01 12:45:47.775] [jointLog] [info] Index contained 1 targets
[2023-06-01 12:45:47.775] [jointLog] [info] Number of decoys : 0
[2023-06-01 12:45:47.775] [jointLog] [info] First decoy index : 18446744073709551615 












[2023-06-01 12:45:47.963] [jointLog] [info] Computed 1 rich equivalence classes for further processing
[2023-06-01 12:45:47.963] [jointLog] [info] Counted 2058 total reads in the equivalence classes 
[2023-06-01 12:45:47.965] [jointLog] [info] Number of mappings discarded because of alignment score : 1540
[2023-06-01 12:45:47.965] [jointLog] [info] Number of fragments entirely discarded because of alignment score : 874
[2023-06-01 12:45:47.965] [jointLog] [info] Number of fragments discarded because they are best-mapped to decoys : 0
[2023-06-01 12:45:47.965] [jointLog] [info] Number of fragments discarded because they have only dovetail (discordant) mappings to valid targets : 1037
[2023-06-01 12:45:47.965] [jointLog] [warning] Only 2058 fragments were mapped, but the number of burn-in fragments was set to 5000000.
The effective lengths have been computed using the observed mappings.

[2023-06-01 12:45:47.965] [jointLog] [info] Mapping rate = 70.0715%

[2023-06-01 12:45:47.965] [jointLog] [info] finished quantifyLibrary()
[2023-06-01 12:45:47.965] [jointLog] [info] Starting optimizer
[2023-06-01 12:45:47.967] [jointLog] [info] Marked 0 weighted equivalence classes as degenerate
[2023-06-01 12:45:47.967] [jointLog] [info] iteration = 0 | max rel diff. = 2.20966e-16
[2023-06-01 12:45:47.967] [jointLog] [info] iteration = 100 | max rel diff. = 0
[2023-06-01 12:45:47.967] [jointLog] [info] Finished optimizer
[2023-06-01 12:45:47.967] [jointLog] [info] writing output 

[2023-06-01 12:45:47.967] [jointLog] [warning] NOTE: Read Lib [[ gut_1.fq, gut_2.fq]] :

Detected a *potential* strand bias > 1% in an unstranded protocol check the file: gut/lib_format_counts.json for details

