Version Info: This is the most recent version of salmon.
### salmon (selective-alignment-based) v1.10.0
### [ program ] => salmon 
### [ command ] => quant 
### [ threads ] => { 1 }
### [ libType ] => { U }
### [ index ] => { salmon_index }
### [ mates1 ] => { lung_1.fq }
### [ mates2 ] => { lung_2.fq }
### [ output ] => { lung }
Logs will be written to lung/logs
[2023-06-01 17:06:59.900] [jointLog] [info] setting maxHashResizeThreads to 1
-----------------------------------------
| Loading contig table | Time = 45.886 us
-----------------------------------------
size = 14
-----------------------------------------
| Loading contig offsets | Time = 234.44 us
-----------------------------------------
-----------------------------------------
| Loading reference lengths | Time = 10.882 us
-----------------------------------------
-----------------------------------------
| Loading mphf table | Time = 246.73 us
-----------------------------------------
size = 171333
Number of ones: 13
Number of ones per inventory item: 512
Inventory entries filled: 1
-----------------------------------------
| Loading contig boundaries | Time = 898.11 us
-----------------------------------------
size = 171333
-----------------------------------------
| Loading sequence | Time = 305.97 us
-----------------------------------------
size = 170943
-----------------------------------------
| Loading positions | Time = 597.42 us
-----------------------------------------
size = 171001
-----------------------------------------
| Loading reference sequence | Time = 281.28 us
-----------------------------------------
-----------------------------------------
| Loading reference accumulative lengths | Time = 27.519 us
-----------------------------------------
[2023-06-01 17:06:59.900] [jointLog] [info] Fragment incompatibility prior below threshold.  Incompatible fragments will be ignored.
[2023-06-01 17:06:59.900] [jointLog] [info] Usage of --validateMappings implies use of minScoreFraction. Since not explicitly specified, it is being set to 0.65
[2023-06-01 17:06:59.900] [jointLog] [info] Setting consensusSlack to selective-alignment default of 0.35.
[2023-06-01 17:06:59.904] [jointLog] [info] parsing read library format
[2023-06-01 17:06:59.904] [jointLog] [info] There is 1 library.
[2023-06-01 17:06:59.905] [jointLog] [info] Loading pufferfish index
[2023-06-01 17:06:59.905] [jointLog] [info] Loading dense pufferfish index.
[2023-06-01 17:06:59.909] [jointLog] [info] done
[2023-06-01 17:07:00.026] [jointLog] [info] Index contained 1 targets
[2023-06-01 17:07:00.027] [jointLog] [info] Number of decoys : 0












[2023-06-01 17:07:00.203] [jointLog] [info] Computed 1 rich equivalence classes for further processing
[2023-06-01 17:07:00.203] [jointLog] [info] Counted 1984 total reads in the equivalence classes 
[2023-06-01 17:07:00.204] [jointLog] [info] Number of mappings discarded because of alignment score : 1505
[2023-06-01 17:07:00.204] [jointLog] [info] Number of fragments entirely discarded because of alignment score : 948
[2023-06-01 17:07:00.204] [jointLog] [info] Number of fragments discarded because they are best-mapped to decoys : 0
[2023-06-01 17:07:00.204] [jointLog] [info] Number of fragments discarded because they have only dovetail (discordant) mappings to valid targets : 1044
[2023-06-01 17:07:00.205] [jointLog] [warning] Only 1984 fragments were mapped, but the number of burn-in fragments was set to 5000000.
The effective lengths have been computed using the observed mappings.

[2023-06-01 17:07:00.205] [jointLog] [info] Mapping rate = 67.5519%

[2023-06-01 17:07:00.205] [jointLog] [info] finished quantifyLibrary()
[2023-06-01 17:07:00.205] [jointLog] [info] Starting optimizer
[2023-06-01 17:07:00.206] [jointLog] [info] Marked 0 weighted equivalence classes as degenerate
[2023-06-01 17:07:00.206] [jointLog] [info] iteration = 0 | max rel diff. = 3.43811e-16
[2023-06-01 17:07:00.206] [jointLog] [info] iteration = 100 | max rel diff. = 0
[2023-06-01 17:07:00.206] [jointLog] [info] Finished optimizer
[2023-06-01 17:07:00.206] [jointLog] [info] writing output 

[2023-06-01 17:07:00.206] [jointLog] [warning] NOTE: Read Lib [[ lung_1.fq, lung_2.fq]] :

Detected a *potential* strand bias > 1% in an unstranded protocol check the file: lung/lib_format_counts.json for details

nxf-D6AtlG3fvSOZ34RCrsAk7Xvb
