[2023-06-01 12:49:09,852] multiqc                                            [DEBUG  ]  No MultiQC config found: /opt/conda/lib/python2.7/site-packages/multiqc_config.yaml
[2023-06-01 12:49:09,852] multiqc                                            [DEBUG  ]  No MultiQC config found: /.multiqc_config.yaml
[2023-06-01 12:49:09,852] multiqc                                            [DEBUG  ]  No MultiQC config found: multiqc_config.yaml
[2023-06-01 12:49:09,852] multiqc                                            [DEBUG  ]  Command used: /opt/conda/bin/multiqc .
[2023-06-01 12:49:10,492] multiqc                                            [WARNING]  MultiQC Version v1.14 now available!
[2023-06-01 12:49:10,493] multiqc                                            [INFO   ]  This is MultiQC v1.5.dev0
[2023-06-01 12:49:10,493] multiqc                                            [DEBUG  ]  Command     : /opt/conda/bin/multiqc .
[2023-06-01 12:49:10,493] multiqc                                            [DEBUG  ]  Working dir : /home/diego/Dropbox/curso_nextflow/work/19/87c60864908f9353698d0a3c685d2c
[2023-06-01 12:49:10,494] multiqc                                            [INFO   ]  Template    : default
[2023-06-01 12:49:10,494] multiqc                                            [INFO   ]  Searching '.'
[2023-06-01 12:49:10,495] multiqc                                            [DEBUG  ]  Analysing modules: afterqc, custom_content, conpair, peddy, methylQA, qualimap, preseq, quast, qorts, rna_seqc, rsem, rseqc, busco, goleft_indexcov, disambiguate, supernova, deeptools, sargasso, verifybamid, homer, macs2, theta2, snpeff, gatk, htseq, bcftools, featureCounts, picard, prokka, samblaster, samtools, bamtools, jellyfish, vcftools, bbmap, bismark, hicexplorer, hicup, salmon, kallisto, slamdunk, star, hisat2, tophat, bowtie2, bowtie1, leehom, adapterRemoval, cutadapt, flexbar, trimmomatic, skewer, sortmerna, biobloomtools, fastq_screen, fastqc, clusterflow, bcl2fastq, interop
[2023-06-01 12:49:10,496] multiqc                                            [DEBUG  ]  Using temporary directory for creating report: /tmp/tmpxG12Td
[2023-06-01 12:49:10,793] multiqc                                            [DEBUG  ]  Ignoring file as matched an ignore pattern: gut_1_fastqc.html
[2023-06-01 12:49:10,794] multiqc                                            [DEBUG  ]  Ignoring file as matched an ignore pattern: gut_2_fastqc.html
[2023-06-01 12:49:10,795] multiqc                                            [DEBUG  ]  Ignoring file as matched an ignore pattern: liver_2_fastqc.html
[2023-06-01 12:49:10,795] multiqc                                            [DEBUG  ]  Ignoring file as matched an ignore pattern: liver_1_fastqc.html
[2023-06-01 12:49:10,797] multiqc                                            [DEBUG  ]  Ignoring file as matched an ignore pattern: lung_2_fastqc.html
[2023-06-01 12:49:10,797] multiqc                                            [DEBUG  ]  Ignoring file as matched an ignore pattern: lung_1_fastqc.html
[2023-06-01 12:49:11,506] multiqc                                            [DEBUG  ]  No samples found: afterqc
[2023-06-01 12:49:11,513] multiqc                                            [DEBUG  ]  No samples found: custom_content
[2023-06-01 12:49:11,518] multiqc                                            [DEBUG  ]  No samples found: conpair
[2023-06-01 12:49:11,530] multiqc                                            [DEBUG  ]  No samples found: peddy
[2023-06-01 12:49:11,535] multiqc                                            [DEBUG  ]  No samples found: methylQA
[2023-06-01 12:49:11,546] multiqc                                            [DEBUG  ]  No samples found: qualimap
[2023-06-01 12:49:11,551] multiqc                                            [DEBUG  ]  No samples found: preseq
[2023-06-01 12:49:11,563] multiqc                                            [DEBUG  ]  No samples found: quast
[2023-06-01 12:49:11,570] multiqc                                            [DEBUG  ]  No samples found: qorts
[2023-06-01 12:49:11,579] multiqc                                            [DEBUG  ]  No samples found: rna_seqc
[2023-06-01 12:49:11,586] multiqc                                            [DEBUG  ]  No samples found: rsem
[2023-06-01 12:49:11,606] multiqc                                            [DEBUG  ]  No samples found: rseqc
[2023-06-01 12:49:11,612] multiqc                                            [DEBUG  ]  No samples found: busco
[2023-06-01 12:49:11,617] multiqc                                            [DEBUG  ]  No samples found: goleft_indexcov
[2023-06-01 12:49:11,622] multiqc                                            [DEBUG  ]  No samples found: disambiguate
[2023-06-01 12:49:11,629] multiqc                                            [DEBUG  ]  No samples found: supernova
[2023-06-01 12:49:11,634] multiqc                                            [DEBUG  ]  No samples found: deeptools
[2023-06-01 12:49:11,638] multiqc                                            [DEBUG  ]  No samples found: sargasso
[2023-06-01 12:49:11,645] multiqc                                            [DEBUG  ]  No samples found: verifybamid
[2023-06-01 12:49:11,650] multiqc                                            [DEBUG  ]  No samples found: homer
[2023-06-01 12:49:11,654] multiqc                                            [DEBUG  ]  No samples found: macs2
[2023-06-01 12:49:11,661] multiqc                                            [DEBUG  ]  No samples found: theta2
[2023-06-01 12:49:11,666] multiqc                                            [DEBUG  ]  No samples found: snpeff
[2023-06-01 12:49:11,671] multiqc                                            [DEBUG  ]  No samples found: gatk
[2023-06-01 12:49:11,678] multiqc                                            [DEBUG  ]  No samples found: htseq
[2023-06-01 12:49:11,682] multiqc                                            [DEBUG  ]  No samples found: bcftools
[2023-06-01 12:49:11,688] multiqc                                            [DEBUG  ]  No samples found: featureCounts
[2023-06-01 12:49:11,695] multiqc                                            [DEBUG  ]  No samples found: picard
[2023-06-01 12:49:11,700] multiqc                                            [DEBUG  ]  No samples found: prokka
[2023-06-01 12:49:11,704] multiqc                                            [DEBUG  ]  No samples found: samblaster
[2023-06-01 12:49:11,710] multiqc                                            [DEBUG  ]  No samples found: samtools
[2023-06-01 12:49:11,714] multiqc                                            [DEBUG  ]  No samples found: bamtools
[2023-06-01 12:49:11,719] multiqc                                            [DEBUG  ]  No samples found: jellyfish
[2023-06-01 12:49:11,724] multiqc                                            [DEBUG  ]  No samples found: vcftools
[2023-06-01 12:49:11,731] multiqc                                            [DEBUG  ]  No samples found: bbmap
[2023-06-01 12:49:11,736] multiqc                                            [DEBUG  ]  No samples found: bismark
[2023-06-01 12:49:11,740] multiqc                                            [DEBUG  ]  No samples found: hicexplorer
[2023-06-01 12:49:11,745] multiqc                                            [DEBUG  ]  No samples found: hicup
[2023-06-01 12:49:11,766] multiqc.modules.salmon.salmon                      [INFO   ]  Found 3 meta reports
[2023-06-01 12:49:11,771] multiqc.modules.salmon.salmon                      [INFO   ]  Found 3 fragment length distributions
[2023-06-01 12:49:11,797] multiqc                                            [DEBUG  ]  No samples found: kallisto
[2023-06-01 12:49:11,806] multiqc                                            [DEBUG  ]  No samples found: slamdunk
[2023-06-01 12:49:11,813] multiqc                                            [DEBUG  ]  No samples found: star
[2023-06-01 12:49:11,818] multiqc                                            [DEBUG  ]  No samples found: hisat2
[2023-06-01 12:49:11,823] multiqc                                            [DEBUG  ]  No samples found: tophat
[2023-06-01 12:49:11,829] multiqc                                            [DEBUG  ]  No samples found: bowtie2
[2023-06-01 12:49:11,834] multiqc                                            [DEBUG  ]  No samples found: bowtie1
[2023-06-01 12:49:11,839] multiqc                                            [DEBUG  ]  No samples found: leehom
[2023-06-01 12:49:11,845] multiqc                                            [DEBUG  ]  No samples found: adapterRemoval
[2023-06-01 12:49:11,850] multiqc                                            [DEBUG  ]  No samples found: cutadapt
[2023-06-01 12:49:11,857] multiqc                                            [DEBUG  ]  No samples found: flexbar
[2023-06-01 12:49:11,862] multiqc                                            [DEBUG  ]  No samples found: trimmomatic
[2023-06-01 12:49:11,867] multiqc                                            [DEBUG  ]  No samples found: skewer
[2023-06-01 12:49:11,872] multiqc                                            [DEBUG  ]  No samples found: sortmerna
[2023-06-01 12:49:11,877] multiqc                                            [DEBUG  ]  No samples found: biobloomtools
[2023-06-01 12:49:11,881] multiqc                                            [DEBUG  ]  No samples found: fastq_screen
[2023-06-01 12:49:11,964] multiqc.modules.fastqc.fastqc                      [INFO   ]  Found 6 reports
[2023-06-01 12:49:12,506] multiqc                                            [DEBUG  ]  No samples found: clusterflow
[2023-06-01 12:49:12,511] multiqc                                            [DEBUG  ]  No samples found: bcl2fastq
[2023-06-01 12:49:12,516] multiqc                                            [DEBUG  ]  No samples found: interop
[2023-06-01 12:49:12,530] multiqc                                            [INFO   ]  Compressing plot data
[2023-06-01 12:49:12,984] multiqc                                            [INFO   ]  Report      : multiqc_report.html
[2023-06-01 12:49:12,984] multiqc                                            [INFO   ]  Data        : multiqc_data
[2023-06-01 12:49:12,985] multiqc                                            [DEBUG  ]  Moving data file from '/tmp/tmpxG12Td/multiqc_data/multiqc_sources.txt' to '/home/diego/Dropbox/curso_nextflow/work/19/87c60864908f9353698d0a3c685d2c/multiqc_data'
[2023-06-01 12:49:12,985] multiqc                                            [DEBUG  ]  Moving data file from '/tmp/tmpxG12Td/multiqc_data/multiqc_salmon.txt' to '/home/diego/Dropbox/curso_nextflow/work/19/87c60864908f9353698d0a3c685d2c/multiqc_data'
[2023-06-01 12:49:12,985] multiqc                                            [DEBUG  ]  Moving data file from '/tmp/tmpxG12Td/multiqc_data/multiqc_general_stats.txt' to '/home/diego/Dropbox/curso_nextflow/work/19/87c60864908f9353698d0a3c685d2c/multiqc_data'
[2023-06-01 12:49:12,986] multiqc                                            [DEBUG  ]  Moving data file from '/tmp/tmpxG12Td/multiqc_data/multiqc_data.json' to '/home/diego/Dropbox/curso_nextflow/work/19/87c60864908f9353698d0a3c685d2c/multiqc_data'
[2023-06-01 12:49:12,988] multiqc                                            [DEBUG  ]  Moving data file from '/tmp/tmpxG12Td/multiqc_data/multiqc_fastqc.txt' to '/home/diego/Dropbox/curso_nextflow/work/19/87c60864908f9353698d0a3c685d2c/multiqc_data'
[2023-06-01 12:49:13,147] multiqc                                            [INFO   ]  MultiQC complete
