Version Info: This is the most recent version of salmon.
### salmon (selective-alignment-based) v1.10.0
### [ program ] => salmon 
### [ command ] => quant 
### [ threads ] => { 1 }
### [ libType ] => { U }
### [ index ] => { salmon_index }
### [ mates1 ] => { liver_1.fq }
### [ mates2 ] => { liver_2.fq }
### [ output ] => { liver }
Logs will be written to liver/logs
-----------------------------------------
| Loading contig table | Time = 35.028 us
-----------------------------------------
size = 14
-----------------------------------------
| Loading contig offsets | Time = 182.21 us
-----------------------------------------
-----------------------------------------
| Loading reference lengths | Time = 5.457 us
-----------------------------------------
[2023-06-01 16:48:16.584] [jointLog] [info] setting maxHashResizeThreads to 1
[2023-06-01 16:48:16.584] [jointLog] [info] Fragment incompatibility prior below threshold.  Incompatible fragments will be ignored.
[2023-06-01 16:48:16.584] [jointLog] [info] Usage of --validateMappings implies use of minScoreFraction. Since not explicitly specified, it is being set to 0.65
[2023-06-01 16:48:16.584] [jointLog] [info] Setting consensusSlack to selective-alignment default of 0.35.
[2023-06-01 16:48:16.584] [jointLog] [info] parsing read library format
-----------------------------------------
| Loading mphf table | Time = 243.75 us
-----------------------------------------
size = 171333
Number of ones: 13
Number of ones per inventory item: 512
[2023-06-01 16:48:16.584] [jointLog] [info] There is 1 library.
Inventory entries filled: 1
[2023-06-01 16:48:16.584] [jointLog] [info] Loading pufferfish index
[2023-06-01 16:48:16.584] [jointLog] [info] Loading dense pufferfish index.
-----------------------------------------
| Loading contig boundaries | Time = 989.31 us
-----------------------------------------
size = 171333
-----------------------------------------
| Loading sequence | Time = 160.65 us
-----------------------------------------
size = 170943
-----------------------------------------
| Loading positions | Time = 1.496 ms
-----------------------------------------
size = 171001
-----------------------------------------
| Loading reference sequence | Time = 142.74 us
-----------------------------------------
-----------------------------------------
| Loading reference accumulative lengths | Time = 6.493 us
-----------------------------------------
[2023-06-01 16:48:16.589] [jointLog] [info] done
[2023-06-01 16:48:16.683] [jointLog] [info] Index contained 1 targets
[2023-06-01 16:48:16.683] [jointLog] [info] Number of decoys : 0












[2023-06-01 16:48:16.809] [jointLog] [info] Computed 1 rich equivalence classes for further processing
[2023-06-01 16:48:16.809] [jointLog] [info] Counted 1984 total reads in the equivalence classes 
[2023-06-01 16:48:16.811] [jointLog] [info] Number of mappings discarded because of alignment score : 1505
[2023-06-01 16:48:16.811] [jointLog] [info] Number of fragments entirely discarded because of alignment score : 948
[2023-06-01 16:48:16.811] [jointLog] [info] Number of fragments discarded because they are best-mapped to decoys : 0
[2023-06-01 16:48:16.811] [jointLog] [info] Number of fragments discarded because they have only dovetail (discordant) mappings to valid targets : 1044
[2023-06-01 16:48:16.811] [jointLog] [warning] Only 1984 fragments were mapped, but the number of burn-in fragments was set to 5000000.
The effective lengths have been computed using the observed mappings.

[2023-06-01 16:48:16.811] [jointLog] [info] Mapping rate = 67.5519%

[2023-06-01 16:48:16.811] [jointLog] [info] finished quantifyLibrary()
[2023-06-01 16:48:16.811] [jointLog] [info] Starting optimizer
[2023-06-01 16:48:16.813] [jointLog] [info] Marked 0 weighted equivalence classes as degenerate
[2023-06-01 16:48:16.813] [jointLog] [info] iteration = 0 | max rel diff. = 3.43811e-16
[2023-06-01 16:48:16.813] [jointLog] [info] iteration = 100 | max rel diff. = 0
[2023-06-01 16:48:16.813] [jointLog] [info] Finished optimizer
[2023-06-01 16:48:16.813] [jointLog] [info] writing output 

[2023-06-01 16:48:16.813] [jointLog] [warning] NOTE: Read Lib [[ liver_1.fq, liver_2.fq]] :

Detected a *potential* strand bias > 1% in an unstranded protocol check the file: liver/lib_format_counts.json for details

