Version Info: This is the most recent version of salmon.
### salmon (selective-alignment-based) v1.10.0
### [ program ] => salmon 
### [ command ] => quant 
### [ threads ] => { 1 }
### [ libType ] => { U }
### [ index ] => { salmon_index }
### [ mates1 ] => { lung_1.fq }
### [ mates2 ] => { lung_2.fq }
### [ output ] => { lung }
Logs will be written to lung/logs
-----------------------------------------
| Loading contig table | Time = 33.048 us
-----------------------------------------
size = 14
-----------------------------------------
| Loading contig offsets | Time = 103.71 us
-----------------------------------------
-----------------------------------------
| Loading reference lengths | Time = 5.01 us
-----------------------------------------
-----------------------------------------
| Loading mphf table | Time = 1.2083 ms
-----------------------------------------
size = 171333
Number of ones: 13
Number of ones per inventory item: 512
Inventory entries filled: 1
-----------------------------------------
| Loading contig boundaries | Time = 645.33 us
-----------------------------------------
size = 171333
-----------------------------------------
| Loading sequence | Time = 129.04 us
-----------------------------------------
size = 170943
-----------------------------------------
| Loading positions | Time = 491.86 us
-----------------------------------------
size = 171001
-----------------------------------------
| Loading reference sequence | Time = 119.31 us
-----------------------------------------
-----------------------------------------
| Loading reference accumulative lengths | Time = 6.925 us
-----------------------------------------
[2023-06-01 16:16:52.155] [jointLog] [info] setting maxHashResizeThreads to 1
[2023-06-01 16:16:52.155] [jointLog] [info] Fragment incompatibility prior below threshold.  Incompatible fragments will be ignored.
[2023-06-01 16:16:52.155] [jointLog] [info] Usage of --validateMappings implies use of minScoreFraction. Since not explicitly specified, it is being set to 0.65
[2023-06-01 16:16:52.155] [jointLog] [info] Setting consensusSlack to selective-alignment default of 0.35.
[2023-06-01 16:16:52.155] [jointLog] [info] parsing read library format
[2023-06-01 16:16:52.155] [jointLog] [info] There is 1 library.
[2023-06-01 16:16:52.155] [jointLog] [info] Loading pufferfish index
[2023-06-01 16:16:52.156] [jointLog] [info] Loading dense pufferfish index.
[2023-06-01 16:16:52.159] [jointLog] [info] done












[2023-06-01 16:16:52.442] [jointLog] [info] Index contained 1 targets
[2023-06-01 16:16:52.442] [jointLog] [info] Number of decoys : 0
[2023-06-01 16:16:52.709] [jointLog] [info] Computed 1 rich equivalence classes for further processing
[2023-06-01 16:16:52.709] [jointLog] [info] Counted 1984 total reads in the equivalence classes 
[2023-06-01 16:16:52.713] [jointLog] [info] Number of mappings discarded because of alignment score : 1505
[2023-06-01 16:16:52.713] [jointLog] [info] Number of fragments entirely discarded because of alignment score : 948
[2023-06-01 16:16:52.713] [jointLog] [info] Number of fragments discarded because they are best-mapped to decoys : 0
[2023-06-01 16:16:52.713] [jointLog] [info] Number of fragments discarded because they have only dovetail (discordant) mappings to valid targets : 1044
[2023-06-01 16:16:52.713] [jointLog] [warning] Only 1984 fragments were mapped, but the number of burn-in fragments was set to 5000000.
The effective lengths have been computed using the observed mappings.

[2023-06-01 16:16:52.713] [jointLog] [info] Mapping rate = 67.5519%

[2023-06-01 16:16:52.713] [jointLog] [info] finished quantifyLibrary()
[2023-06-01 16:16:52.715] [jointLog] [info] Starting optimizer
[2023-06-01 16:16:52.716] [jointLog] [info] Marked 0 weighted equivalence classes as degenerate
[2023-06-01 16:16:52.716] [jointLog] [info] iteration = 0 | max rel diff. = 3.43811e-16
[2023-06-01 16:16:52.716] [jointLog] [info] iteration = 100 | max rel diff. = 0
[2023-06-01 16:16:52.716] [jointLog] [info] Finished optimizer
[2023-06-01 16:16:52.716] [jointLog] [info] writing output 

[2023-06-01 16:16:52.721] [jointLog] [warning] NOTE: Read Lib [[ lung_1.fq, lung_2.fq]] :

Detected a *potential* strand bias > 1% in an unstranded protocol check the file: lung/lib_format_counts.json for details

