[2023-06-01 17:11:19.529] [jointLog] [info] setting maxHashResizeThreads to 1
[2023-06-01 17:11:19.529] [jointLog] [info] Fragment incompatibility prior below threshold.  Incompatible fragments will be ignored.
[2023-06-01 17:11:19.529] [jointLog] [info] Usage of --validateMappings implies use of minScoreFraction. Since not explicitly specified, it is being set to 0.65
[2023-06-01 17:11:19.529] [jointLog] [info] Setting consensusSlack to selective-alignment default of 0.35.
[2023-06-01 17:11:19.529] [jointLog] [info] parsing read library format
[2023-06-01 17:11:19.529] [jointLog] [info] There is 1 library.
[2023-06-01 17:11:19.529] [jointLog] [info] Loading pufferfish index
[2023-06-01 17:11:19.529] [jointLog] [info] Loading dense pufferfish index.
[2023-06-01 17:11:19.539] [jointLog] [info] done
[2023-06-01 17:11:19.690] [jointLog] [info] Index contained 1 targets
[2023-06-01 17:11:19.690] [jointLog] [info] Number of decoys : 0
[2023-06-01 17:11:20.160] [fileLog] [info] 
At end of round 0
==================
Observed 2937 total fragments (2937 in most recent round)

[2023-06-01 17:11:20.159] [jointLog] [info] Computed 1 rich equivalence classes for further processing
[2023-06-01 17:11:20.159] [jointLog] [info] Counted 1984 total reads in the equivalence classes 
[2023-06-01 17:11:20.160] [jointLog] [info] Number of mappings discarded because of alignment score : 1505
[2023-06-01 17:11:20.160] [jointLog] [info] Number of fragments entirely discarded because of alignment score : 948
[2023-06-01 17:11:20.160] [jointLog] [info] Number of fragments discarded because they are best-mapped to decoys : 0
[2023-06-01 17:11:20.160] [jointLog] [info] Number of fragments discarded because they have only dovetail (discordant) mappings to valid targets : 1044
[2023-06-01 17:11:20.173] [jointLog] [warning] Only 1984 fragments were mapped, but the number of burn-in fragments was set to 5000000.
The effective lengths have been computed using the observed mappings.

[2023-06-01 17:11:20.173] [jointLog] [info] Mapping rate = 67.5519%

[2023-06-01 17:11:20.173] [jointLog] [info] finished quantifyLibrary()
[2023-06-01 17:11:20.173] [jointLog] [info] Starting optimizer
[2023-06-01 17:11:20.177] [jointLog] [info] Marked 0 weighted equivalence classes as degenerate
[2023-06-01 17:11:20.177] [jointLog] [info] iteration = 0 | max rel diff. = 3.43811e-16
[2023-06-01 17:11:20.178] [jointLog] [info] iteration = 100 | max rel diff. = 0
[2023-06-01 17:11:20.178] [jointLog] [info] Finished optimizer
[2023-06-01 17:11:20.178] [jointLog] [info] writing output 

[2023-06-01 17:11:20.192] [jointLog] [warning] NOTE: Read Lib [[ lung_1.fq, lung_2.fq]] :

Detected a *potential* strand bias > 1% in an unstranded protocol check the file: lung/lib_format_counts.json for details

