[2023-06-01 12:45:54,232] multiqc                                            [DEBUG  ]  No MultiQC config found: /opt/conda/lib/python2.7/site-packages/multiqc_config.yaml
[2023-06-01 12:45:54,232] multiqc                                            [DEBUG  ]  No MultiQC config found: /.multiqc_config.yaml
[2023-06-01 12:45:54,232] multiqc                                            [DEBUG  ]  No MultiQC config found: multiqc_config.yaml
[2023-06-01 12:45:54,232] multiqc                                            [DEBUG  ]  Command used: /opt/conda/bin/multiqc .
[2023-06-01 12:45:54,831] multiqc                                            [WARNING]  MultiQC Version v1.14 now available!
[2023-06-01 12:45:54,831] multiqc                                            [INFO   ]  This is MultiQC v1.5.dev0
[2023-06-01 12:45:54,832] multiqc                                            [DEBUG  ]  Command     : /opt/conda/bin/multiqc .
[2023-06-01 12:45:54,832] multiqc                                            [DEBUG  ]  Working dir : /home/diego/Dropbox/curso_nextflow/work/1e/9ae4fe68745b448bc86d8afdbb7804
[2023-06-01 12:45:54,832] multiqc                                            [INFO   ]  Template    : default
[2023-06-01 12:45:54,832] multiqc                                            [INFO   ]  Searching '.'
[2023-06-01 12:45:54,833] multiqc                                            [DEBUG  ]  Analysing modules: afterqc, custom_content, conpair, peddy, methylQA, qualimap, preseq, quast, qorts, rna_seqc, rsem, rseqc, busco, goleft_indexcov, disambiguate, supernova, deeptools, sargasso, verifybamid, homer, macs2, theta2, snpeff, gatk, htseq, bcftools, featureCounts, picard, prokka, samblaster, samtools, bamtools, jellyfish, vcftools, bbmap, bismark, hicexplorer, hicup, salmon, kallisto, slamdunk, star, hisat2, tophat, bowtie2, bowtie1, leehom, adapterRemoval, cutadapt, flexbar, trimmomatic, skewer, sortmerna, biobloomtools, fastq_screen, fastqc, clusterflow, bcl2fastq, interop
[2023-06-01 12:45:54,834] multiqc                                            [DEBUG  ]  Using temporary directory for creating report: /tmp/tmp1_gehU
[2023-06-01 12:45:55,035] multiqc                                            [DEBUG  ]  Ignoring file as matched an ignore pattern: gut_1_fastqc.html
[2023-06-01 12:45:55,036] multiqc                                            [DEBUG  ]  Ignoring file as matched an ignore pattern: gut_2_fastqc.html
[2023-06-01 12:45:55,756] multiqc                                            [DEBUG  ]  No samples found: afterqc
[2023-06-01 12:45:55,762] multiqc                                            [DEBUG  ]  No samples found: custom_content
[2023-06-01 12:45:55,767] multiqc                                            [DEBUG  ]  No samples found: conpair
[2023-06-01 12:45:55,771] multiqc                                            [DEBUG  ]  No samples found: peddy
[2023-06-01 12:45:55,776] multiqc                                            [DEBUG  ]  No samples found: methylQA
[2023-06-01 12:45:55,783] multiqc                                            [DEBUG  ]  No samples found: qualimap
[2023-06-01 12:45:55,789] multiqc                                            [DEBUG  ]  No samples found: preseq
[2023-06-01 12:45:55,796] multiqc                                            [DEBUG  ]  No samples found: quast
[2023-06-01 12:45:55,802] multiqc                                            [DEBUG  ]  No samples found: qorts
[2023-06-01 12:45:55,807] multiqc                                            [DEBUG  ]  No samples found: rna_seqc
[2023-06-01 12:45:55,813] multiqc                                            [DEBUG  ]  No samples found: rsem
[2023-06-01 12:45:55,819] multiqc                                            [DEBUG  ]  No samples found: rseqc
[2023-06-01 12:45:55,824] multiqc                                            [DEBUG  ]  No samples found: busco
[2023-06-01 12:45:55,829] multiqc                                            [DEBUG  ]  No samples found: goleft_indexcov
[2023-06-01 12:45:55,833] multiqc                                            [DEBUG  ]  No samples found: disambiguate
[2023-06-01 12:45:55,838] multiqc                                            [DEBUG  ]  No samples found: supernova
[2023-06-01 12:45:55,843] multiqc                                            [DEBUG  ]  No samples found: deeptools
[2023-06-01 12:45:55,849] multiqc                                            [DEBUG  ]  No samples found: sargasso
[2023-06-01 12:45:55,854] multiqc                                            [DEBUG  ]  No samples found: verifybamid
[2023-06-01 12:45:55,859] multiqc                                            [DEBUG  ]  No samples found: homer
[2023-06-01 12:45:55,864] multiqc                                            [DEBUG  ]  No samples found: macs2
[2023-06-01 12:45:55,869] multiqc                                            [DEBUG  ]  No samples found: theta2
[2023-06-01 12:45:55,873] multiqc                                            [DEBUG  ]  No samples found: snpeff
[2023-06-01 12:45:55,879] multiqc                                            [DEBUG  ]  No samples found: gatk
[2023-06-01 12:45:55,884] multiqc                                            [DEBUG  ]  No samples found: htseq
[2023-06-01 12:45:55,888] multiqc                                            [DEBUG  ]  No samples found: bcftools
[2023-06-01 12:45:55,892] multiqc                                            [DEBUG  ]  No samples found: featureCounts
[2023-06-01 12:45:55,899] multiqc                                            [DEBUG  ]  No samples found: picard
[2023-06-01 12:45:55,904] multiqc                                            [DEBUG  ]  No samples found: prokka
[2023-06-01 12:45:55,909] multiqc                                            [DEBUG  ]  No samples found: samblaster
[2023-06-01 12:45:55,914] multiqc                                            [DEBUG  ]  No samples found: samtools
[2023-06-01 12:45:55,919] multiqc                                            [DEBUG  ]  No samples found: bamtools
[2023-06-01 12:45:55,923] multiqc                                            [DEBUG  ]  No samples found: jellyfish
[2023-06-01 12:45:55,929] multiqc                                            [DEBUG  ]  No samples found: vcftools
[2023-06-01 12:45:55,937] multiqc                                            [DEBUG  ]  No samples found: bbmap
[2023-06-01 12:45:55,941] multiqc                                            [DEBUG  ]  No samples found: bismark
[2023-06-01 12:45:55,946] multiqc                                            [DEBUG  ]  No samples found: hicexplorer
[2023-06-01 12:45:55,951] multiqc                                            [DEBUG  ]  No samples found: hicup
[2023-06-01 12:45:55,959] multiqc.modules.salmon.salmon                      [INFO   ]  Found 1 meta reports
[2023-06-01 12:45:55,962] multiqc.modules.salmon.salmon                      [INFO   ]  Found 1 fragment length distributions
[2023-06-01 12:45:55,982] multiqc                                            [DEBUG  ]  No samples found: kallisto
[2023-06-01 12:45:55,989] multiqc                                            [DEBUG  ]  No samples found: slamdunk
[2023-06-01 12:45:55,998] multiqc                                            [DEBUG  ]  No samples found: star
[2023-06-01 12:45:56,008] multiqc                                            [DEBUG  ]  No samples found: hisat2
[2023-06-01 12:45:56,017] multiqc                                            [DEBUG  ]  No samples found: tophat
[2023-06-01 12:45:56,024] multiqc                                            [DEBUG  ]  No samples found: bowtie2
[2023-06-01 12:45:56,029] multiqc                                            [DEBUG  ]  No samples found: bowtie1
[2023-06-01 12:45:56,033] multiqc                                            [DEBUG  ]  No samples found: leehom
[2023-06-01 12:45:56,038] multiqc                                            [DEBUG  ]  No samples found: adapterRemoval
[2023-06-01 12:45:56,042] multiqc                                            [DEBUG  ]  No samples found: cutadapt
[2023-06-01 12:45:56,049] multiqc                                            [DEBUG  ]  No samples found: flexbar
[2023-06-01 12:45:56,053] multiqc                                            [DEBUG  ]  No samples found: trimmomatic
[2023-06-01 12:45:56,058] multiqc                                            [DEBUG  ]  No samples found: skewer
[2023-06-01 12:45:56,064] multiqc                                            [DEBUG  ]  No samples found: sortmerna
[2023-06-01 12:45:56,069] multiqc                                            [DEBUG  ]  No samples found: biobloomtools
[2023-06-01 12:45:56,073] multiqc                                            [DEBUG  ]  No samples found: fastq_screen
[2023-06-01 12:45:56,105] multiqc.modules.fastqc.fastqc                      [INFO   ]  Found 2 reports
[2023-06-01 12:45:56,392] multiqc                                            [DEBUG  ]  No samples found: clusterflow
[2023-06-01 12:45:56,399] multiqc                                            [DEBUG  ]  No samples found: bcl2fastq
[2023-06-01 12:45:56,404] multiqc                                            [DEBUG  ]  No samples found: interop
[2023-06-01 12:45:56,411] multiqc                                            [INFO   ]  Compressing plot data
[2023-06-01 12:45:56,633] multiqc                                            [INFO   ]  Report      : multiqc_report.html
[2023-06-01 12:45:56,633] multiqc                                            [INFO   ]  Data        : multiqc_data
[2023-06-01 12:45:56,633] multiqc                                            [DEBUG  ]  Moving data file from '/tmp/tmp1_gehU/multiqc_data/multiqc_sources.txt' to '/home/diego/Dropbox/curso_nextflow/work/1e/9ae4fe68745b448bc86d8afdbb7804/multiqc_data'
[2023-06-01 12:45:56,634] multiqc                                            [DEBUG  ]  Moving data file from '/tmp/tmp1_gehU/multiqc_data/multiqc_salmon.txt' to '/home/diego/Dropbox/curso_nextflow/work/1e/9ae4fe68745b448bc86d8afdbb7804/multiqc_data'
[2023-06-01 12:45:56,634] multiqc                                            [DEBUG  ]  Moving data file from '/tmp/tmp1_gehU/multiqc_data/multiqc_general_stats.txt' to '/home/diego/Dropbox/curso_nextflow/work/1e/9ae4fe68745b448bc86d8afdbb7804/multiqc_data'
[2023-06-01 12:45:56,634] multiqc                                            [DEBUG  ]  Moving data file from '/tmp/tmp1_gehU/multiqc_data/multiqc_data.json' to '/home/diego/Dropbox/curso_nextflow/work/1e/9ae4fe68745b448bc86d8afdbb7804/multiqc_data'
[2023-06-01 12:45:56,636] multiqc                                            [DEBUG  ]  Moving data file from '/tmp/tmp1_gehU/multiqc_data/multiqc_fastqc.txt' to '/home/diego/Dropbox/curso_nextflow/work/1e/9ae4fe68745b448bc86d8afdbb7804/multiqc_data'
[2023-06-01 12:45:56,804] multiqc                                            [INFO   ]  MultiQC complete
