[2023-06-01 14:26:22.764] [puff::index::jointLog] [info] Running fixFasta
[2023-06-01 14:26:22.783] [puff::index::jointLog] [info] Replaced 0 non-ATCG nucleotides
[2023-06-01 14:26:22.783] [puff::index::jointLog] [info] Clipped poly-A tails from 0 transcripts
[2023-06-01 14:26:22.791] [puff::index::jointLog] [info] Filter size not provided; estimating from number of distinct k-mers
[2023-06-01 14:26:22.796] [puff::index::jointLog] [info] ntHll estimated 147846 distinct k-mers, setting filter size to 2^22
[2023-06-01 14:26:23.250] [puff::index::jointLog] [info] Starting the Pufferfish indexing by reading the GFA binary file.
[2023-06-01 14:26:23.250] [puff::index::jointLog] [info] Setting the index/BinaryGfa directory salmon_index
[2023-06-01 14:26:23.253] [puff::index::jointLog] [info] Done wrapping the rank vector with a rank9sel structure.
[2023-06-01 14:26:23.258] [puff::index::jointLog] [info] contig count for validation: 13
[2023-06-01 14:26:23.259] [puff::index::jointLog] [info] Total # of Contigs : 13
[2023-06-01 14:26:23.259] [puff::index::jointLog] [info] Total # of numerical Contigs : 13
[2023-06-01 14:26:23.259] [puff::index::jointLog] [info] Total # of contig vec entries: 17
[2023-06-01 14:26:23.259] [puff::index::jointLog] [info] bits per offset entry 5
[2023-06-01 14:26:23.259] [puff::index::jointLog] [info] Done constructing the contig vector. 14
[2023-06-01 14:26:23.260] [puff::index::jointLog] [info] # segments = 13
[2023-06-01 14:26:23.260] [puff::index::jointLog] [info] total length = 171333
[2023-06-01 14:26:23.260] [puff::index::jointLog] [info] Reading the reference files ...
[2023-06-01 14:26:23.265] [puff::index::jointLog] [info] positional integer width = 18
[2023-06-01 14:26:23.265] [puff::index::jointLog] [info] seqSize = 171333
[2023-06-01 14:26:23.265] [puff::index::jointLog] [info] rankSize = 171333
[2023-06-01 14:26:23.265] [puff::index::jointLog] [info] edgeVecSize = 0
[2023-06-01 14:26:23.265] [puff::index::jointLog] [info] num keys = 170943
[2023-06-01 14:26:23.488] [puff::index::jointLog] [info] mphf size = 0.107491 MB
[2023-06-01 14:26:23.488] [puff::index::jointLog] [info] chunk size = 171333
[2023-06-01 14:26:23.493] [puff::index::jointLog] [info] chunk 0 = [0, 171303)
[2023-06-01 14:26:23.552] [puff::index::jointLog] [info] finished populating pos vector
[2023-06-01 14:26:23.553] [puff::index::jointLog] [info] writing index components
[2023-06-01 14:26:23.554] [puff::index::jointLog] [info] finished writing dense pufferfish index
