[2023-06-01 17:11:27,098] multiqc                                            [DEBUG  ]  No MultiQC config found: /opt/conda/lib/python2.7/site-packages/multiqc_config.yaml
[2023-06-01 17:11:27,098] multiqc                                            [DEBUG  ]  No MultiQC config found: /.multiqc_config.yaml
[2023-06-01 17:11:27,098] multiqc                                            [DEBUG  ]  No MultiQC config found: multiqc_config.yaml
[2023-06-01 17:11:27,098] multiqc                                            [DEBUG  ]  Command used: /opt/conda/bin/multiqc .
[2023-06-01 17:11:27,771] multiqc                                            [WARNING]  MultiQC Version v1.14 now available!
[2023-06-01 17:11:27,772] multiqc                                            [INFO   ]  This is MultiQC v1.5.dev0
[2023-06-01 17:11:27,772] multiqc                                            [DEBUG  ]  Command     : /opt/conda/bin/multiqc .
[2023-06-01 17:11:27,773] multiqc                                            [DEBUG  ]  Working dir : /home/diego/Dropbox/curso_nextflow/work/7d/07b7af425f09994d1ce2e26fd8c5ba
[2023-06-01 17:11:27,773] multiqc                                            [INFO   ]  Template    : default
[2023-06-01 17:11:27,774] multiqc                                            [INFO   ]  Searching '.'
[2023-06-01 17:11:27,775] multiqc                                            [DEBUG  ]  Analysing modules: afterqc, custom_content, conpair, peddy, methylQA, qualimap, preseq, quast, qorts, rna_seqc, rsem, rseqc, busco, goleft_indexcov, disambiguate, supernova, deeptools, sargasso, verifybamid, homer, macs2, theta2, snpeff, gatk, htseq, bcftools, featureCounts, picard, prokka, samblaster, samtools, bamtools, jellyfish, vcftools, bbmap, bismark, hicexplorer, hicup, salmon, kallisto, slamdunk, star, hisat2, tophat, bowtie2, bowtie1, leehom, adapterRemoval, cutadapt, flexbar, trimmomatic, skewer, sortmerna, biobloomtools, fastq_screen, fastqc, clusterflow, bcl2fastq, interop
[2023-06-01 17:11:27,776] multiqc                                            [DEBUG  ]  Using temporary directory for creating report: /tmp/tmperngUZ
[2023-06-01 17:11:28,111] multiqc                                            [DEBUG  ]  Ignoring file as matched an ignore pattern: gut_1_fastqc.html
[2023-06-01 17:11:28,112] multiqc                                            [DEBUG  ]  Ignoring file as matched an ignore pattern: gut_2_fastqc.html
[2023-06-01 17:11:28,113] multiqc                                            [DEBUG  ]  Ignoring file as matched an ignore pattern: liver_2_fastqc.html
[2023-06-01 17:11:28,113] multiqc                                            [DEBUG  ]  Ignoring file as matched an ignore pattern: liver_1_fastqc.html
[2023-06-01 17:11:28,114] multiqc                                            [DEBUG  ]  Ignoring file as matched an ignore pattern: lung_2_fastqc.html
[2023-06-01 17:11:28,115] multiqc                                            [DEBUG  ]  Ignoring file as matched an ignore pattern: lung_1_fastqc.html
[2023-06-01 17:11:28,809] multiqc                                            [DEBUG  ]  No samples found: afterqc
[2023-06-01 17:11:28,815] multiqc                                            [DEBUG  ]  No samples found: custom_content
[2023-06-01 17:11:28,820] multiqc                                            [DEBUG  ]  No samples found: conpair
[2023-06-01 17:11:28,824] multiqc                                            [DEBUG  ]  No samples found: peddy
[2023-06-01 17:11:28,829] multiqc                                            [DEBUG  ]  No samples found: methylQA
[2023-06-01 17:11:28,834] multiqc                                            [DEBUG  ]  No samples found: qualimap
[2023-06-01 17:11:28,838] multiqc                                            [DEBUG  ]  No samples found: preseq
[2023-06-01 17:11:28,843] multiqc                                            [DEBUG  ]  No samples found: quast
[2023-06-01 17:11:28,847] multiqc                                            [DEBUG  ]  No samples found: qorts
[2023-06-01 17:11:28,852] multiqc                                            [DEBUG  ]  No samples found: rna_seqc
[2023-06-01 17:11:28,858] multiqc                                            [DEBUG  ]  No samples found: rsem
[2023-06-01 17:11:28,864] multiqc                                            [DEBUG  ]  No samples found: rseqc
[2023-06-01 17:11:28,869] multiqc                                            [DEBUG  ]  No samples found: busco
[2023-06-01 17:11:28,874] multiqc                                            [DEBUG  ]  No samples found: goleft_indexcov
[2023-06-01 17:11:28,881] multiqc                                            [DEBUG  ]  No samples found: disambiguate
[2023-06-01 17:11:28,887] multiqc                                            [DEBUG  ]  No samples found: supernova
[2023-06-01 17:11:28,892] multiqc                                            [DEBUG  ]  No samples found: deeptools
[2023-06-01 17:11:28,898] multiqc                                            [DEBUG  ]  No samples found: sargasso
[2023-06-01 17:11:28,903] multiqc                                            [DEBUG  ]  No samples found: verifybamid
[2023-06-01 17:11:28,908] multiqc                                            [DEBUG  ]  No samples found: homer
[2023-06-01 17:11:28,913] multiqc                                            [DEBUG  ]  No samples found: macs2
[2023-06-01 17:11:28,918] multiqc                                            [DEBUG  ]  No samples found: theta2
[2023-06-01 17:11:28,923] multiqc                                            [DEBUG  ]  No samples found: snpeff
[2023-06-01 17:11:28,928] multiqc                                            [DEBUG  ]  No samples found: gatk
[2023-06-01 17:11:28,934] multiqc                                            [DEBUG  ]  No samples found: htseq
[2023-06-01 17:11:28,940] multiqc                                            [DEBUG  ]  No samples found: bcftools
[2023-06-01 17:11:28,946] multiqc                                            [DEBUG  ]  No samples found: featureCounts
[2023-06-01 17:11:28,957] multiqc                                            [DEBUG  ]  No samples found: picard
[2023-06-01 17:11:28,962] multiqc                                            [DEBUG  ]  No samples found: prokka
[2023-06-01 17:11:28,967] multiqc                                            [DEBUG  ]  No samples found: samblaster
[2023-06-01 17:11:28,972] multiqc                                            [DEBUG  ]  No samples found: samtools
[2023-06-01 17:11:28,976] multiqc                                            [DEBUG  ]  No samples found: bamtools
[2023-06-01 17:11:28,980] multiqc                                            [DEBUG  ]  No samples found: jellyfish
[2023-06-01 17:11:28,985] multiqc                                            [DEBUG  ]  No samples found: vcftools
[2023-06-01 17:11:28,992] multiqc                                            [DEBUG  ]  No samples found: bbmap
[2023-06-01 17:11:28,997] multiqc                                            [DEBUG  ]  No samples found: bismark
[2023-06-01 17:11:29,001] multiqc                                            [DEBUG  ]  No samples found: hicexplorer
[2023-06-01 17:11:29,006] multiqc                                            [DEBUG  ]  No samples found: hicup
[2023-06-01 17:11:29,022] multiqc.modules.salmon.salmon                      [INFO   ]  Found 3 meta reports
[2023-06-01 17:11:29,028] multiqc.modules.salmon.salmon                      [INFO   ]  Found 3 fragment length distributions
[2023-06-01 17:11:29,058] multiqc                                            [DEBUG  ]  No samples found: kallisto
[2023-06-01 17:11:29,068] multiqc                                            [DEBUG  ]  No samples found: slamdunk
[2023-06-01 17:11:29,073] multiqc                                            [DEBUG  ]  No samples found: star
[2023-06-01 17:11:29,078] multiqc                                            [DEBUG  ]  No samples found: hisat2
[2023-06-01 17:11:29,086] multiqc                                            [DEBUG  ]  No samples found: tophat
[2023-06-01 17:11:29,091] multiqc                                            [DEBUG  ]  No samples found: bowtie2
[2023-06-01 17:11:29,096] multiqc                                            [DEBUG  ]  No samples found: bowtie1
[2023-06-01 17:11:29,102] multiqc                                            [DEBUG  ]  No samples found: leehom
[2023-06-01 17:11:29,106] multiqc                                            [DEBUG  ]  No samples found: adapterRemoval
[2023-06-01 17:11:29,111] multiqc                                            [DEBUG  ]  No samples found: cutadapt
[2023-06-01 17:11:29,115] multiqc                                            [DEBUG  ]  No samples found: flexbar
[2023-06-01 17:11:29,120] multiqc                                            [DEBUG  ]  No samples found: trimmomatic
[2023-06-01 17:11:29,124] multiqc                                            [DEBUG  ]  No samples found: skewer
[2023-06-01 17:11:29,128] multiqc                                            [DEBUG  ]  No samples found: sortmerna
[2023-06-01 17:11:29,133] multiqc                                            [DEBUG  ]  No samples found: biobloomtools
[2023-06-01 17:11:29,140] multiqc                                            [DEBUG  ]  No samples found: fastq_screen
[2023-06-01 17:11:29,234] multiqc.modules.fastqc.fastqc                      [INFO   ]  Found 6 reports
[2023-06-01 17:11:29,751] multiqc                                            [DEBUG  ]  No samples found: clusterflow
[2023-06-01 17:11:29,756] multiqc                                            [DEBUG  ]  No samples found: bcl2fastq
[2023-06-01 17:11:29,760] multiqc                                            [DEBUG  ]  No samples found: interop
[2023-06-01 17:11:29,773] multiqc                                            [INFO   ]  Compressing plot data
[2023-06-01 17:11:30,208] multiqc                                            [INFO   ]  Report      : multiqc_report.html
[2023-06-01 17:11:30,208] multiqc                                            [INFO   ]  Data        : multiqc_data
[2023-06-01 17:11:30,209] multiqc                                            [DEBUG  ]  Moving data file from '/tmp/tmperngUZ/multiqc_data/multiqc_sources.txt' to '/home/diego/Dropbox/curso_nextflow/work/7d/07b7af425f09994d1ce2e26fd8c5ba/multiqc_data'
[2023-06-01 17:11:30,210] multiqc                                            [DEBUG  ]  Moving data file from '/tmp/tmperngUZ/multiqc_data/multiqc_salmon.txt' to '/home/diego/Dropbox/curso_nextflow/work/7d/07b7af425f09994d1ce2e26fd8c5ba/multiqc_data'
[2023-06-01 17:11:30,210] multiqc                                            [DEBUG  ]  Moving data file from '/tmp/tmperngUZ/multiqc_data/multiqc_general_stats.txt' to '/home/diego/Dropbox/curso_nextflow/work/7d/07b7af425f09994d1ce2e26fd8c5ba/multiqc_data'
[2023-06-01 17:11:30,211] multiqc                                            [DEBUG  ]  Moving data file from '/tmp/tmperngUZ/multiqc_data/multiqc_data.json' to '/home/diego/Dropbox/curso_nextflow/work/7d/07b7af425f09994d1ce2e26fd8c5ba/multiqc_data'
[2023-06-01 17:11:30,213] multiqc                                            [DEBUG  ]  Moving data file from '/tmp/tmperngUZ/multiqc_data/multiqc_fastqc.txt' to '/home/diego/Dropbox/curso_nextflow/work/7d/07b7af425f09994d1ce2e26fd8c5ba/multiqc_data'
[2023-06-01 17:11:30,371] multiqc                                            [INFO   ]  MultiQC complete
